<?xml version="1.0" encoding="UTF-8"?>
<testsuite xmlns:xsi="http://www.w3.org/2001/XMLSchema-instance" xsi:noNamespaceSchemaLocation="https://maven.apache.org/surefire/maven-surefire-plugin/xsd/surefire-test-report-3.0.xsd" version="3.0" name="hammurabi.HammurabiTest" time="0.05" tests="9" errors="0" skipped="0" failures="0">
  <properties>
[...]
</properties>
  <testcase name="testUprising" classname="hammurabi.HammurabiTest" time="0.012"/>
  <testcase name="testNewCostOfLand" classname="hammurabi.HammurabiTest" time="0.0"/>
  <testcase name="testImmigrants" classname="hammurabi.HammurabiTest" time="0.0"/>
  <testcase name="testHarvest" classname="hammurabi.HammurabiTest" time="0.001"/>
  <testcase name="testPlagueDeaths1" classname="hammurabi.HammurabiTest" time="0.001"/>
  <testcase name="testPlagueDeaths2" classname="hammurabi.HammurabiTest" time="0.001"/>
  <testcase name="testStarvationDeaths" classname="hammurabi.HammurabiTest" time="0.001"/>
  <testcase name="testGrainEatenByRats1" classname="hammurabi.HammurabiTest" time="0.0"/>
  <testcase name="testGrainEatenByRats2" classname="hammurabi.HammurabiTest" time="0.002"/>
</testsuite>